

【日志时间】：2020-06-22 13:55:15,627  【线程ID】：4    
【日志级别】：WARN   
【日志对象】：Microsoft.AspNetCore.HttpsPolicy.HttpsRedirectionMiddleware  
【日志内容】：Failed to determine the https port for redirect. 


【日志时间】：2020-06-22 13:58:37,371  【线程ID】：10    
【日志级别】：WARN   
【日志对象】：Microsoft.AspNetCore.HttpsPolicy.HttpsRedirectionMiddleware  
【日志内容】：Failed to determine the https port for redirect. 


【日志时间】：2020-06-22 14:59:24,627  【线程ID】：4    
【日志级别】：WARN   
【日志对象】：Microsoft.AspNetCore.HttpsPolicy.HttpsRedirectionMiddleware  
【日志内容】：Failed to determine the https port for redirect. 


【日志时间】：2020-06-22 15:00:23,713  【线程ID】：10    
【日志级别】：ERROR  
【日志对象】：Microsoft.AspNetCore.Diagnostics.DeveloperExceptionPageMiddleware  
【日志内容】：An unhandled exception has occurred while executing the request. 
Autofac.Core.DependencyResolutionException: An exception was thrown while activating LinXi_CloudStorageApi.Controllers.ShareController.
 ---> Autofac.Core.DependencyResolutionException: None of the constructors found with 'Autofac.Core.Activators.Reflection.DefaultConstructorFinder' on type 'LinXi_CloudStorageApi.Controllers.ShareController' can be invoked with the available services and parameters:
Cannot resolve parameter 'LinXi_IService.ILxShareService ILxShareService' of constructor 'Void .ctor(Microsoft.Extensions.Logging.ILogger`1[LinXi_CloudStorageApi.Controllers.ShareController], LinXi_IService.ILxUsersService, System.IServiceProvider, LinXi_IService.ILxResourceAccountService, LinXi_IService.ILxResourceService, LinXi_IService.ILxShareService, AutoMapper.IMapper)'.
   at Autofac.Core.Activators.Reflection.ReflectionActivator.GetValidConstructorBindings(ConstructorInfo[] availableConstructors, IComponentContext context, IEnumerable`1 parameters)
   at Autofac.Core.Activators.Reflection.ReflectionActivator.ActivateInstance(IComponentContext context, IEnumerable`1 parameters)
   at Autofac.Core.Resolving.InstanceLookup.CreateInstance(IEnumerable`1 parameters)
   --- End of inner exception stack trace ---
   at Autofac.Core.Resolving.InstanceLookup.CreateInstance(IEnumerable`1 parameters)
   at Autofac.Core.Resolving.InstanceLookup.Execute()
   at Autofac.Core.Resolving.ResolveOperation.GetOrCreateInstance(ISharingLifetimeScope currentOperationScope, ResolveRequest request)
   at Autofac.Core.Resolving.ResolveOperation.ResolveComponent(ResolveRequest request)
   at Autofac.Core.Resolving.ResolveOperation.Execute(ResolveRequest request)
   at Autofac.Core.Lifetime.LifetimeScope.ResolveComponent(ResolveRequest request)
   at Autofac.ResolutionExtensions.TryResolveService(IComponentContext context, Service service, IEnumerable`1 parameters, Object& instance)
   at Autofac.ResolutionExtensions.ResolveService(IComponentContext context, Service service, IEnumerable`1 parameters)
   at Autofac.ResolutionExtensions.Resolve(IComponentContext context, Type serviceType, IEnumerable`1 parameters)
   at Autofac.ResolutionExtensions.Resolve(IComponentContext context, Type serviceType)
   at Autofac.Extensions.DependencyInjection.AutofacServiceProvider.GetRequiredService(Type serviceType)
   at Microsoft.Extensions.DependencyInjection.ServiceProviderServiceExtensions.GetRequiredService(IServiceProvider provider, Type serviceType)
   at Microsoft.AspNetCore.Mvc.Controllers.ServiceBasedControllerActivator.Create(ControllerContext actionContext)
   at Microsoft.AspNetCore.Mvc.Controllers.ControllerFactoryProvider.<>c__DisplayClass5_0.<CreateControllerFactory>g__CreateController|0(ControllerContext controllerContext)
   at Microsoft.AspNetCore.Mvc.Infrastructure.ControllerActionInvoker.Next(State& next, Scope& scope, Object& state, Boolean& isCompleted)
   at Microsoft.AspNetCore.Mvc.Infrastructure.ControllerActionInvoker.InvokeInnerFilterAsync()
--- End of stack trace from previous location where exception was thrown ---
   at Microsoft.AspNetCore.Mvc.Infrastructure.ResourceInvoker.<InvokeNextResourceFilter>g__Awaited|24_0(ResourceInvoker invoker, Task lastTask, State next, Scope scope, Object state, Boolean isCompleted)
   at Microsoft.AspNetCore.Mvc.Infrastructure.ResourceInvoker.Rethrow(ResourceExecutedContextSealed context)
   at Microsoft.AspNetCore.Mvc.Infrastructure.ResourceInvoker.Next(State& next, Scope& scope, Object& state, Boolean& isCompleted)
   at Microsoft.AspNetCore.Mvc.Infrastructure.ResourceInvoker.InvokeFilterPipelineAsync()
--- End of stack trace from previous location where exception was thrown ---
   at Microsoft.AspNetCore.Mvc.Infrastructure.ResourceInvoker.<InvokeAsync>g__Awaited|17_0(ResourceInvoker invoker, Task task, IDisposable scope)
   at Microsoft.AspNetCore.Routing.EndpointMiddleware.<Invoke>g__AwaitRequestTask|6_0(Endpoint endpoint, Task requestTask, ILogger logger)
   at Microsoft.AspNetCore.Authorization.AuthorizationMiddleware.Invoke(HttpContext context)
   at Microsoft.AspNetCore.Authentication.AuthenticationMiddleware.Invoke(HttpContext context)
   at Microsoft.AspNetCore.Session.SessionMiddleware.Invoke(HttpContext context)
   at Microsoft.AspNetCore.Session.SessionMiddleware.Invoke(HttpContext context)
   at Swashbuckle.AspNetCore.SwaggerUI.SwaggerUIMiddleware.Invoke(HttpContext httpContext)
   at Swashbuckle.AspNetCore.Swagger.SwaggerMiddleware.Invoke(HttpContext httpContext, ISwaggerProvider swaggerProvider)
   at Microsoft.AspNetCore.Diagnostics.DeveloperExceptionPageMiddleware.Invoke(HttpContext context)


【日志时间】：2020-06-22 15:01:34,399  【线程ID】：4    
【日志级别】：WARN   
【日志对象】：Microsoft.AspNetCore.HttpsPolicy.HttpsRedirectionMiddleware  
【日志内容】：Failed to determine the https port for redirect. 


【日志时间】：2020-06-22 15:01:41,074  【线程ID】：16    
【日志级别】：ERROR  
【日志对象】：Microsoft.AspNetCore.Diagnostics.DeveloperExceptionPageMiddleware  
【日志内容】：An unhandled exception has occurred while executing the request. 
Autofac.Core.DependencyResolutionException: An exception was thrown while activating LinXi_CloudStorageApi.Controllers.ShareController.
 ---> Autofac.Core.DependencyResolutionException: None of the constructors found with 'Autofac.Core.Activators.Reflection.DefaultConstructorFinder' on type 'LinXi_CloudStorageApi.Controllers.ShareController' can be invoked with the available services and parameters:
Cannot resolve parameter 'LinXi_IService.ILxShareService ILxShareService' of constructor 'Void .ctor(Microsoft.Extensions.Logging.ILogger`1[LinXi_CloudStorageApi.Controllers.ShareController], LinXi_IService.ILxUsersService, System.IServiceProvider, LinXi_IService.ILxResourceAccountService, LinXi_IService.ILxResourceService, LinXi_IService.ILxShareService, AutoMapper.IMapper)'.
   at Autofac.Core.Activators.Reflection.ReflectionActivator.GetValidConstructorBindings(ConstructorInfo[] availableConstructors, IComponentContext context, IEnumerable`1 parameters)
   at Autofac.Core.Activators.Reflection.ReflectionActivator.ActivateInstance(IComponentContext context, IEnumerable`1 parameters)
   at Autofac.Core.Resolving.InstanceLookup.CreateInstance(IEnumerable`1 parameters)
   --- End of inner exception stack trace ---
   at Autofac.Core.Resolving.InstanceLookup.CreateInstance(IEnumerable`1 parameters)
   at Autofac.Core.Resolving.InstanceLookup.Execute()
   at Autofac.Core.Resolving.ResolveOperation.GetOrCreateInstance(ISharingLifetimeScope currentOperationScope, ResolveRequest request)
   at Autofac.Core.Resolving.ResolveOperation.ResolveComponent(ResolveRequest request)
   at Autofac.Core.Resolving.ResolveOperation.Execute(ResolveRequest request)
   at Autofac.Core.Lifetime.LifetimeScope.ResolveComponent(ResolveRequest request)
   at Autofac.ResolutionExtensions.TryResolveService(IComponentContext context, Service service, IEnumerable`1 parameters, Object& instance)
   at Autofac.ResolutionExtensions.ResolveService(IComponentContext context, Service service, IEnumerable`1 parameters)
   at Autofac.ResolutionExtensions.Resolve(IComponentContext context, Type serviceType, IEnumerable`1 parameters)
   at Autofac.ResolutionExtensions.Resolve(IComponentContext context, Type serviceType)
   at Autofac.Extensions.DependencyInjection.AutofacServiceProvider.GetRequiredService(Type serviceType)
   at Microsoft.Extensions.DependencyInjection.ServiceProviderServiceExtensions.GetRequiredService(IServiceProvider provider, Type serviceType)
   at Microsoft.AspNetCore.Mvc.Controllers.ServiceBasedControllerActivator.Create(ControllerContext actionContext)
   at Microsoft.AspNetCore.Mvc.Controllers.ControllerFactoryProvider.<>c__DisplayClass5_0.<CreateControllerFactory>g__CreateController|0(ControllerContext controllerContext)
   at Microsoft.AspNetCore.Mvc.Infrastructure.ControllerActionInvoker.Next(State& next, Scope& scope, Object& state, Boolean& isCompleted)
   at Microsoft.AspNetCore.Mvc.Infrastructure.ControllerActionInvoker.InvokeInnerFilterAsync()
--- End of stack trace from previous location where exception was thrown ---
   at Microsoft.AspNetCore.Mvc.Infrastructure.ResourceInvoker.<InvokeNextResourceFilter>g__Awaited|24_0(ResourceInvoker invoker, Task lastTask, State next, Scope scope, Object state, Boolean isCompleted)
   at Microsoft.AspNetCore.Mvc.Infrastructure.ResourceInvoker.Rethrow(ResourceExecutedContextSealed context)
   at Microsoft.AspNetCore.Mvc.Infrastructure.ResourceInvoker.Next(State& next, Scope& scope, Object& state, Boolean& isCompleted)
   at Microsoft.AspNetCore.Mvc.Infrastructure.ResourceInvoker.InvokeFilterPipelineAsync()
--- End of stack trace from previous location where exception was thrown ---
   at Microsoft.AspNetCore.Mvc.Infrastructure.ResourceInvoker.<InvokeAsync>g__Awaited|17_0(ResourceInvoker invoker, Task task, IDisposable scope)
   at Microsoft.AspNetCore.Routing.EndpointMiddleware.<Invoke>g__AwaitRequestTask|6_0(Endpoint endpoint, Task requestTask, ILogger logger)
   at Microsoft.AspNetCore.Authorization.AuthorizationMiddleware.Invoke(HttpContext context)
   at Microsoft.AspNetCore.Authentication.AuthenticationMiddleware.Invoke(HttpContext context)
   at Microsoft.AspNetCore.Session.SessionMiddleware.Invoke(HttpContext context)
   at Microsoft.AspNetCore.Session.SessionMiddleware.Invoke(HttpContext context)
   at Swashbuckle.AspNetCore.SwaggerUI.SwaggerUIMiddleware.Invoke(HttpContext httpContext)
   at Swashbuckle.AspNetCore.Swagger.SwaggerMiddleware.Invoke(HttpContext httpContext, ISwaggerProvider swaggerProvider)
   at Microsoft.AspNetCore.Diagnostics.DeveloperExceptionPageMiddleware.Invoke(HttpContext context)


【日志时间】：2020-06-22 15:02:24,600  【线程ID】：6    
【日志级别】：ERROR  
【日志对象】：Microsoft.AspNetCore.Diagnostics.DeveloperExceptionPageMiddleware  
【日志内容】：An unhandled exception has occurred while executing the request. 
Autofac.Core.DependencyResolutionException: An exception was thrown while activating LinXi_CloudStorageApi.Controllers.ShareController.
 ---> Autofac.Core.DependencyResolutionException: None of the constructors found with 'Autofac.Core.Activators.Reflection.DefaultConstructorFinder' on type 'LinXi_CloudStorageApi.Controllers.ShareController' can be invoked with the available services and parameters:
Cannot resolve parameter 'LinXi_IService.ILxShareService ILxShareService' of constructor 'Void .ctor(Microsoft.Extensions.Logging.ILogger`1[LinXi_CloudStorageApi.Controllers.ShareController], LinXi_IService.ILxUsersService, System.IServiceProvider, LinXi_IService.ILxResourceAccountService, LinXi_IService.ILxResourceService, LinXi_IService.ILxShareService, AutoMapper.IMapper)'.
   at Autofac.Core.Activators.Reflection.ReflectionActivator.GetValidConstructorBindings(ConstructorInfo[] availableConstructors, IComponentContext context, IEnumerable`1 parameters)
   at Autofac.Core.Activators.Reflection.ReflectionActivator.ActivateInstance(IComponentContext context, IEnumerable`1 parameters)
   at Autofac.Core.Resolving.InstanceLookup.CreateInstance(IEnumerable`1 parameters)
   --- End of inner exception stack trace ---
   at Autofac.Core.Resolving.InstanceLookup.CreateInstance(IEnumerable`1 parameters)
   at Autofac.Core.Resolving.InstanceLookup.Execute()
   at Autofac.Core.Resolving.ResolveOperation.GetOrCreateInstance(ISharingLifetimeScope currentOperationScope, ResolveRequest request)
   at Autofac.Core.Resolving.ResolveOperation.ResolveComponent(ResolveRequest request)
   at Autofac.Core.Resolving.ResolveOperation.Execute(ResolveRequest request)
   at Autofac.Core.Lifetime.LifetimeScope.ResolveComponent(ResolveRequest request)
   at Autofac.ResolutionExtensions.TryResolveService(IComponentContext context, Service service, IEnumerable`1 parameters, Object& instance)
   at Autofac.ResolutionExtensions.ResolveService(IComponentContext context, Service service, IEnumerable`1 parameters)
   at Autofac.ResolutionExtensions.Resolve(IComponentContext context, Type serviceType, IEnumerable`1 parameters)
   at Autofac.ResolutionExtensions.Resolve(IComponentContext context, Type serviceType)
   at Autofac.Extensions.DependencyInjection.AutofacServiceProvider.GetRequiredService(Type serviceType)
   at Microsoft.Extensions.DependencyInjection.ServiceProviderServiceExtensions.GetRequiredService(IServiceProvider provider, Type serviceType)
   at Microsoft.AspNetCore.Mvc.Controllers.ServiceBasedControllerActivator.Create(ControllerContext actionContext)
   at Microsoft.AspNetCore.Mvc.Controllers.ControllerFactoryProvider.<>c__DisplayClass5_0.<CreateControllerFactory>g__CreateController|0(ControllerContext controllerContext)
   at Microsoft.AspNetCore.Mvc.Infrastructure.ControllerActionInvoker.Next(State& next, Scope& scope, Object& state, Boolean& isCompleted)
   at Microsoft.AspNetCore.Mvc.Infrastructure.ControllerActionInvoker.InvokeInnerFilterAsync()
--- End of stack trace from previous location where exception was thrown ---
   at Microsoft.AspNetCore.Mvc.Infrastructure.ResourceInvoker.<InvokeNextResourceFilter>g__Awaited|24_0(ResourceInvoker invoker, Task lastTask, State next, Scope scope, Object state, Boolean isCompleted)
   at Microsoft.AspNetCore.Mvc.Infrastructure.ResourceInvoker.Rethrow(ResourceExecutedContextSealed context)
   at Microsoft.AspNetCore.Mvc.Infrastructure.ResourceInvoker.Next(State& next, Scope& scope, Object& state, Boolean& isCompleted)
   at Microsoft.AspNetCore.Mvc.Infrastructure.ResourceInvoker.InvokeFilterPipelineAsync()
--- End of stack trace from previous location where exception was thrown ---
   at Microsoft.AspNetCore.Mvc.Infrastructure.ResourceInvoker.<InvokeAsync>g__Awaited|17_0(ResourceInvoker invoker, Task task, IDisposable scope)
   at Microsoft.AspNetCore.Routing.EndpointMiddleware.<Invoke>g__AwaitRequestTask|6_0(Endpoint endpoint, Task requestTask, ILogger logger)
   at Microsoft.AspNetCore.Authorization.AuthorizationMiddleware.Invoke(HttpContext context)
   at Microsoft.AspNetCore.Authentication.AuthenticationMiddleware.Invoke(HttpContext context)
   at Microsoft.AspNetCore.Session.SessionMiddleware.Invoke(HttpContext context)
   at Microsoft.AspNetCore.Session.SessionMiddleware.Invoke(HttpContext context)
   at Swashbuckle.AspNetCore.SwaggerUI.SwaggerUIMiddleware.Invoke(HttpContext httpContext)
   at Swashbuckle.AspNetCore.Swagger.SwaggerMiddleware.Invoke(HttpContext httpContext, ISwaggerProvider swaggerProvider)
   at Microsoft.AspNetCore.Diagnostics.DeveloperExceptionPageMiddleware.Invoke(HttpContext context)


【日志时间】：2020-06-22 15:07:05,592  【线程ID】：4    
【日志级别】：WARN   
【日志对象】：Microsoft.AspNetCore.HttpsPolicy.HttpsRedirectionMiddleware  
【日志内容】：Failed to determine the https port for redirect. 


【日志时间】：2020-06-22 15:08:23,878  【线程ID】：4    
【日志级别】：WARN   
【日志对象】：Microsoft.AspNetCore.HttpsPolicy.HttpsRedirectionMiddleware  
【日志内容】：Failed to determine the https port for redirect. 


【日志时间】：2020-06-22 15:10:31,435  【线程ID】：11    
【日志级别】：ERROR  
【日志对象】：Microsoft.AspNetCore.Diagnostics.DeveloperExceptionPageMiddleware  
【日志内容】：An unhandled exception has occurred while executing the request. 
System.Security.Cryptography.CryptographicException: Specified key is not a valid size for this algorithm.
   at System.Security.Cryptography.SymmetricAlgorithm.set_Key(Byte[] value)
   at System.Security.Cryptography.RijndaelManaged.set_Key(Byte[] value)
   at LinXi_Common.AesEncrypt.Encrypt2(String str, String key) in E:\G3项目\LinXi_CloudStorage\LinXi_Common\AesEncrypt.cs:line 45
   at LinXi_Common.AesEncrypt.Encrypt(String str, String PublicKey) in E:\G3项目\LinXi_CloudStorage\LinXi_Common\AesEncrypt.cs:line 21
   at LinXi_Service.LxShareService.CreateEncrypt(String str, String PublicKey) in E:\G3项目\LinXi_CloudStorage\LinXi_Service\LxShareService.cs:line 25
   at LinXi_Service.LxShareService.CreateShare(Int32 UserID, Int32 LxResourceAccountID, String LxShareTime) in E:\G3项目\LinXi_CloudStorage\LinXi_Service\LxShareService.cs:line 39
   at LinXi_CloudStorageApi.Controllers.ShareController.GetShareCode(Int32 UserID, Int32 LxResourceAccountID, String LxShareTime) in E:\G3项目\LinXi_CloudStorage\LinXi_CloudStorageApi\Controllers\ShareController.cs:line 67
   at lambda_method(Closure , Object , Object[] )
   at Microsoft.Extensions.Internal.ObjectMethodExecutor.Execute(Object target, Object[] parameters)
   at Microsoft.AspNetCore.Mvc.Infrastructure.ActionMethodExecutor.SyncObjectResultExecutor.Execute(IActionResultTypeMapper mapper, ObjectMethodExecutor executor, Object controller, Object[] arguments)
   at Microsoft.AspNetCore.Mvc.Infrastructure.ControllerActionInvoker.InvokeActionMethodAsync()
   at Microsoft.AspNetCore.Mvc.Infrastructure.ControllerActionInvoker.Next(State& next, Scope& scope, Object& state, Boolean& isCompleted)
   at Microsoft.AspNetCore.Mvc.Infrastructure.ControllerActionInvoker.InvokeNextActionFilterAsync()
--- End of stack trace from previous location where exception was thrown ---
   at Microsoft.AspNetCore.Mvc.Infrastructure.ControllerActionInvoker.Rethrow(ActionExecutedContextSealed context)
   at Microsoft.AspNetCore.Mvc.Infrastructure.ControllerActionInvoker.Next(State& next, Scope& scope, Object& state, Boolean& isCompleted)
   at Microsoft.AspNetCore.Mvc.Infrastructure.ControllerActionInvoker.InvokeInnerFilterAsync()
--- End of stack trace from previous location where exception was thrown ---
   at Microsoft.AspNetCore.Mvc.Infrastructure.ResourceInvoker.<InvokeNextResourceFilter>g__Awaited|24_0(ResourceInvoker invoker, Task lastTask, State next, Scope scope, Object state, Boolean isCompleted)
   at Microsoft.AspNetCore.Mvc.Infrastructure.ResourceInvoker.Rethrow(ResourceExecutedContextSealed context)
   at Microsoft.AspNetCore.Mvc.Infrastructure.ResourceInvoker.Next(State& next, Scope& scope, Object& state, Boolean& isCompleted)
   at Microsoft.AspNetCore.Mvc.Infrastructure.ResourceInvoker.InvokeFilterPipelineAsync()
--- End of stack trace from previous location where exception was thrown ---
   at Microsoft.AspNetCore.Mvc.Infrastructure.ResourceInvoker.<InvokeAsync>g__Awaited|17_0(ResourceInvoker invoker, Task task, IDisposable scope)
   at Microsoft.AspNetCore.Routing.EndpointMiddleware.<Invoke>g__AwaitRequestTask|6_0(Endpoint endpoint, Task requestTask, ILogger logger)
   at Microsoft.AspNetCore.Authorization.AuthorizationMiddleware.Invoke(HttpContext context)
   at Microsoft.AspNetCore.Authentication.AuthenticationMiddleware.Invoke(HttpContext context)
   at Microsoft.AspNetCore.Session.SessionMiddleware.Invoke(HttpContext context)
   at Microsoft.AspNetCore.Session.SessionMiddleware.Invoke(HttpContext context)
   at Swashbuckle.AspNetCore.SwaggerUI.SwaggerUIMiddleware.Invoke(HttpContext httpContext)
   at Swashbuckle.AspNetCore.Swagger.SwaggerMiddleware.Invoke(HttpContext httpContext, ISwaggerProvider swaggerProvider)
   at Microsoft.AspNetCore.Diagnostics.DeveloperExceptionPageMiddleware.Invoke(HttpContext context)


【日志时间】：2020-06-22 15:11:44,333  【线程ID】：4    
【日志级别】：WARN   
【日志对象】：Microsoft.AspNetCore.HttpsPolicy.HttpsRedirectionMiddleware  
【日志内容】：Failed to determine the https port for redirect. 


【日志时间】：2020-06-22 15:14:11,519  【线程ID】：4    
【日志级别】：WARN   
【日志对象】：Microsoft.AspNetCore.HttpsPolicy.HttpsRedirectionMiddleware  
【日志内容】：Failed to determine the https port for redirect. 


【日志时间】：2020-06-22 15:15:30,458  【线程ID】：7    
【日志级别】：WARN   
【日志对象】：Microsoft.AspNetCore.HttpsPolicy.HttpsRedirectionMiddleware  
【日志内容】：Failed to determine the https port for redirect. 


【日志时间】：2020-06-22 15:15:50,546  【线程ID】：4    
【日志级别】：WARN   
【日志对象】：Microsoft.AspNetCore.HttpsPolicy.HttpsRedirectionMiddleware  
【日志内容】：Failed to determine the https port for redirect. 


【日志时间】：2020-06-22 15:16:58,277  【线程ID】：4    
【日志级别】：WARN   
【日志对象】：Microsoft.AspNetCore.HttpsPolicy.HttpsRedirectionMiddleware  
【日志内容】：Failed to determine the https port for redirect. 


【日志时间】：2020-06-22 15:18:31,687  【线程ID】：4    
【日志级别】：WARN   
【日志对象】：Microsoft.AspNetCore.HttpsPolicy.HttpsRedirectionMiddleware  
【日志内容】：Failed to determine the https port for redirect. 


【日志时间】：2020-06-22 15:20:23,421  【线程ID】：4    
【日志级别】：WARN   
【日志对象】：Microsoft.AspNetCore.HttpsPolicy.HttpsRedirectionMiddleware  
【日志内容】：Failed to determine the https port for redirect. 


【日志时间】：2020-06-22 15:33:07,554  【线程ID】：4    
【日志级别】：WARN   
【日志对象】：Microsoft.AspNetCore.HttpsPolicy.HttpsRedirectionMiddleware  
【日志内容】：Failed to determine the https port for redirect. 


【日志时间】：2020-06-22 15:35:06,818  【线程ID】：4    
【日志级别】：WARN   
【日志对象】：Microsoft.AspNetCore.HttpsPolicy.HttpsRedirectionMiddleware  
【日志内容】：Failed to determine the https port for redirect. 


【日志时间】：2020-06-22 15:38:43,547  【线程ID】：7    
【日志级别】：WARN   
【日志对象】：Microsoft.AspNetCore.HttpsPolicy.HttpsRedirectionMiddleware  
【日志内容】：Failed to determine the https port for redirect. 


【日志时间】：2020-06-22 17:18:24,071  【线程ID】：4    
【日志级别】：WARN   
【日志对象】：Microsoft.AspNetCore.HttpsPolicy.HttpsRedirectionMiddleware  
【日志内容】：Failed to determine the https port for redirect. 


【日志时间】：2020-06-22 17:47:53,291  【线程ID】：10    
【日志级别】：WARN   
【日志对象】：Microsoft.AspNetCore.HttpsPolicy.HttpsRedirectionMiddleware  
【日志内容】：Failed to determine the https port for redirect. 


【日志时间】：2020-06-22 17:49:17,669  【线程ID】：4    
【日志级别】：WARN   
【日志对象】：Microsoft.AspNetCore.HttpsPolicy.HttpsRedirectionMiddleware  
【日志内容】：Failed to determine the https port for redirect. 


【日志时间】：2020-06-22 17:57:32,656  【线程ID】：4    
【日志级别】：WARN   
【日志对象】：Microsoft.AspNetCore.HttpsPolicy.HttpsRedirectionMiddleware  
【日志内容】：Failed to determine the https port for redirect. 


【日志时间】：2020-06-22 18:01:12,176  【线程ID】：7    
【日志级别】：WARN   
【日志对象】：Microsoft.AspNetCore.HttpsPolicy.HttpsRedirectionMiddleware  
【日志内容】：Failed to determine the https port for redirect. 


【日志时间】：2020-06-22 18:02:25,394  【线程ID】：4    
【日志级别】：WARN   
【日志对象】：Microsoft.AspNetCore.HttpsPolicy.HttpsRedirectionMiddleware  
【日志内容】：Failed to determine the https port for redirect. 


【日志时间】：2020-06-22 18:05:58,335  【线程ID】：4    
【日志级别】：WARN   
【日志对象】：Microsoft.AspNetCore.HttpsPolicy.HttpsRedirectionMiddleware  
【日志内容】：Failed to determine the https port for redirect. 


【日志时间】：2020-06-22 18:08:17,477  【线程ID】：7    
【日志级别】：WARN   
【日志对象】：Microsoft.AspNetCore.HttpsPolicy.HttpsRedirectionMiddleware  
【日志内容】：Failed to determine the https port for redirect. 
