

【日志时间】：2020-06-29 08:06:34,478  【线程ID】：7    
【日志级别】：WARN   
【日志对象】：Microsoft.AspNetCore.HttpsPolicy.HttpsRedirectionMiddleware  
【日志内容】：Failed to determine the https port for redirect. 


【日志时间】：2020-06-29 08:07:31,120  【线程ID】：4    
【日志级别】：WARN   
【日志对象】：Microsoft.AspNetCore.HttpsPolicy.HttpsRedirectionMiddleware  
【日志内容】：Failed to determine the https port for redirect. 


【日志时间】：2020-06-29 08:10:23,407  【线程ID】：4    
【日志级别】：WARN   
【日志对象】：Microsoft.AspNetCore.HttpsPolicy.HttpsRedirectionMiddleware  
【日志内容】：Failed to determine the https port for redirect. 


【日志时间】：2020-06-29 08:22:08,803  【线程ID】：4    
【日志级别】：WARN   
【日志对象】：Microsoft.AspNetCore.HttpsPolicy.HttpsRedirectionMiddleware  
【日志内容】：Failed to determine the https port for redirect. 


【日志时间】：2020-06-29 13:35:12,974  【线程ID】：1    
【日志级别】：FATAL  
【日志对象】：Microsoft.AspNetCore.Server.Kestrel  
【日志内容】：Unable to start Kestrel. 
System.IO.IOException: Failed to bind to address http://127.0.0.1:5000: address already in use.
 ---> Microsoft.AspNetCore.Connections.AddressInUseException: 通常每个套接字地址(协议/网络地址/端口)只允许使用一次。
 ---> System.Net.Sockets.SocketException (10048): 通常每个套接字地址(协议/网络地址/端口)只允许使用一次。
   at System.Net.Sockets.Socket.UpdateStatusAfterSocketErrorAndThrowException(SocketError error, String callerName)
   at System.Net.Sockets.Socket.DoBind(EndPoint endPointSnapshot, SocketAddress socketAddress)
   at System.Net.Sockets.Socket.Bind(EndPoint localEP)
   at Microsoft.AspNetCore.Server.Kestrel.Transport.Sockets.SocketConnectionListener.Bind()
   --- End of inner exception stack trace ---
   at Microsoft.AspNetCore.Server.Kestrel.Transport.Sockets.SocketConnectionListener.Bind()
   at Microsoft.AspNetCore.Server.Kestrel.Transport.Sockets.SocketTransportFactory.BindAsync(EndPoint endpoint, CancellationToken cancellationToken)
   at Microsoft.AspNetCore.Server.Kestrel.Core.KestrelServer.<>c__DisplayClass21_0`1.<<StartAsync>g__OnBind|0>d.MoveNext()
--- End of stack trace from previous location where exception was thrown ---
   at Microsoft.AspNetCore.Server.Kestrel.Core.Internal.AddressBinder.BindEndpointAsync(ListenOptions endpoint, AddressBindContext context)
   --- End of inner exception stack trace ---
   at Microsoft.AspNetCore.Server.Kestrel.Core.Internal.AddressBinder.BindEndpointAsync(ListenOptions endpoint, AddressBindContext context)
   at Microsoft.AspNetCore.Server.Kestrel.Core.LocalhostListenOptions.BindAsync(AddressBindContext context)
   at Microsoft.AspNetCore.Server.Kestrel.Core.Internal.AddressBinder.DefaultAddressStrategy.BindAsync(AddressBindContext context)
   at Microsoft.AspNetCore.Server.Kestrel.Core.Internal.AddressBinder.BindAsync(IServerAddressesFeature addresses, KestrelServerOptions serverOptions, ILogger logger, Func`2 createBinding)
   at Microsoft.AspNetCore.Server.Kestrel.Core.KestrelServer.StartAsync[TContext](IHttpApplication`1 application, CancellationToken cancellationToken)


【日志时间】：2020-06-29 14:07:39,963  【线程ID】：1    
【日志级别】：FATAL  
【日志对象】：Microsoft.AspNetCore.Server.Kestrel  
【日志内容】：Unable to start Kestrel. 
System.IO.IOException: Failed to bind to address http://127.0.0.1:5000: address already in use.
 ---> Microsoft.AspNetCore.Connections.AddressInUseException: 通常每个套接字地址(协议/网络地址/端口)只允许使用一次。
 ---> System.Net.Sockets.SocketException (10048): 通常每个套接字地址(协议/网络地址/端口)只允许使用一次。
   at System.Net.Sockets.Socket.UpdateStatusAfterSocketErrorAndThrowException(SocketError error, String callerName)
   at System.Net.Sockets.Socket.DoBind(EndPoint endPointSnapshot, SocketAddress socketAddress)
   at System.Net.Sockets.Socket.Bind(EndPoint localEP)
   at Microsoft.AspNetCore.Server.Kestrel.Transport.Sockets.SocketConnectionListener.Bind()
   --- End of inner exception stack trace ---
   at Microsoft.AspNetCore.Server.Kestrel.Transport.Sockets.SocketConnectionListener.Bind()
   at Microsoft.AspNetCore.Server.Kestrel.Transport.Sockets.SocketTransportFactory.BindAsync(EndPoint endpoint, CancellationToken cancellationToken)
   at Microsoft.AspNetCore.Server.Kestrel.Core.KestrelServer.<>c__DisplayClass21_0`1.<<StartAsync>g__OnBind|0>d.MoveNext()
--- End of stack trace from previous location where exception was thrown ---
   at Microsoft.AspNetCore.Server.Kestrel.Core.Internal.AddressBinder.BindEndpointAsync(ListenOptions endpoint, AddressBindContext context)
   --- End of inner exception stack trace ---
   at Microsoft.AspNetCore.Server.Kestrel.Core.Internal.AddressBinder.BindEndpointAsync(ListenOptions endpoint, AddressBindContext context)
   at Microsoft.AspNetCore.Server.Kestrel.Core.LocalhostListenOptions.BindAsync(AddressBindContext context)
   at Microsoft.AspNetCore.Server.Kestrel.Core.Internal.AddressBinder.DefaultAddressStrategy.BindAsync(AddressBindContext context)
   at Microsoft.AspNetCore.Server.Kestrel.Core.Internal.AddressBinder.BindAsync(IServerAddressesFeature addresses, KestrelServerOptions serverOptions, ILogger logger, Func`2 createBinding)
   at Microsoft.AspNetCore.Server.Kestrel.Core.KestrelServer.StartAsync[TContext](IHttpApplication`1 application, CancellationToken cancellationToken)


【日志时间】：2020-06-29 14:12:19,178  【线程ID】：1    
【日志级别】：WARN   
【日志对象】：Microsoft.AspNetCore.Server.Kestrel  
【日志内容】：Unable to bind to http://localhost:63883 on the IPv4 loopback interface: '以一种访问权限不允许的方式做了一个访问套接字的尝试。'. 


【日志时间】：2020-06-29 14:12:19,199  【线程ID】：1    
【日志级别】：INFO   
【日志对象】：Microsoft.Hosting.Lifetime  
【日志内容】：Now listening on: http://localhost:63883 


【日志时间】：2020-06-29 14:12:19,200  【线程ID】：1    
【日志级别】：INFO   
【日志对象】：Microsoft.Hosting.Lifetime  
【日志内容】：Application started. Press Ctrl+C to shut down. 


【日志时间】：2020-06-29 14:12:19,203  【线程ID】：1    
【日志级别】：INFO   
【日志对象】：Microsoft.Hosting.Lifetime  
【日志内容】：Hosting environment: Development 


【日志时间】：2020-06-29 14:12:19,207  【线程ID】：1    
【日志级别】：INFO   
【日志对象】：Microsoft.Hosting.Lifetime  
【日志内容】：Content root path: E:\G3项目\LinXi_CloudStorage\LinXi_CloudStorageApi 


【日志时间】：2020-06-29 14:12:39,144  【线程ID】：6    
【日志级别】：WARN   
【日志对象】：Microsoft.AspNetCore.HttpsPolicy.HttpsRedirectionMiddleware  
【日志内容】：Failed to determine the https port for redirect. 


【日志时间】：2020-06-29 14:13:15,674  【线程ID】：2    
【日志级别】：INFO   
【日志对象】：Microsoft.Hosting.Lifetime  
【日志内容】：Application is shutting down... 


【日志时间】：2020-06-29 14:37:37,490  【线程ID】：1    
【日志级别】：WARN   
【日志对象】：Microsoft.AspNetCore.Server.Kestrel  
【日志内容】：Unable to bind to http://localhost:63883 on the IPv4 loopback interface: '以一种访问权限不允许的方式做了一个访问套接字的尝试。'. 


【日志时间】：2020-06-29 14:37:38,806  【线程ID】：5    
【日志级别】：WARN   
【日志对象】：Microsoft.AspNetCore.HttpsPolicy.HttpsRedirectionMiddleware  
【日志内容】：Failed to determine the https port for redirect. 


【日志时间】：2020-06-29 14:45:08,467  【线程ID】：1    
【日志级别】：WARN   
【日志对象】：Microsoft.AspNetCore.Server.Kestrel  
【日志内容】：Unable to bind to http://localhost:63883 on the IPv4 loopback interface: '以一种访问权限不允许的方式做了一个访问套接字的尝试。'. 


【日志时间】：2020-06-29 14:45:08,487  【线程ID】：1    
【日志级别】：INFO   
【日志对象】：Microsoft.Hosting.Lifetime  
【日志内容】：Now listening on: http://localhost:63883 


【日志时间】：2020-06-29 14:45:08,490  【线程ID】：1    
【日志级别】：INFO   
【日志对象】：Microsoft.Hosting.Lifetime  
【日志内容】：Application started. Press Ctrl+C to shut down. 


【日志时间】：2020-06-29 14:45:08,493  【线程ID】：1    
【日志级别】：INFO   
【日志对象】：Microsoft.Hosting.Lifetime  
【日志内容】：Hosting environment: Development 


【日志时间】：2020-06-29 14:45:08,496  【线程ID】：1    
【日志级别】：INFO   
【日志对象】：Microsoft.Hosting.Lifetime  
【日志内容】：Content root path: E:\G3项目\LinXi_CloudStorage\LinXi_CloudStorageApi 


【日志时间】：2020-06-29 14:45:28,367  【线程ID】：4    
【日志级别】：WARN   
【日志对象】：Microsoft.AspNetCore.HttpsPolicy.HttpsRedirectionMiddleware  
【日志内容】：Failed to determine the https port for redirect. 


【日志时间】：2020-06-29 14:45:39,984  【线程ID】：2    
【日志级别】：INFO   
【日志对象】：Microsoft.Hosting.Lifetime  
【日志内容】：Application is shutting down... 


【日志时间】：2020-06-29 14:46:10,729  【线程ID】：1    
【日志级别】：WARN   
【日志对象】：Microsoft.AspNetCore.Server.Kestrel  
【日志内容】：Unable to bind to http://localhost:63883 on the IPv4 loopback interface: '以一种访问权限不允许的方式做了一个访问套接字的尝试。'. 


【日志时间】：2020-06-29 14:46:10,745  【线程ID】：1    
【日志级别】：INFO   
【日志对象】：Microsoft.Hosting.Lifetime  
【日志内容】：Now listening on: http://localhost:63883 


【日志时间】：2020-06-29 14:46:10,746  【线程ID】：1    
【日志级别】：INFO   
【日志对象】：Microsoft.Hosting.Lifetime  
【日志内容】：Application started. Press Ctrl+C to shut down. 


【日志时间】：2020-06-29 14:46:10,748  【线程ID】：1    
【日志级别】：INFO   
【日志对象】：Microsoft.Hosting.Lifetime  
【日志内容】：Hosting environment: Development 


【日志时间】：2020-06-29 14:46:10,750  【线程ID】：1    
【日志级别】：INFO   
【日志对象】：Microsoft.Hosting.Lifetime  
【日志内容】：Content root path: E:\G3项目\LinXi_CloudStorage\LinXi_CloudStorageApi 


【日志时间】：2020-06-29 14:46:26,899  【线程ID】：4    
【日志级别】：WARN   
【日志对象】：Microsoft.AspNetCore.HttpsPolicy.HttpsRedirectionMiddleware  
【日志内容】：Failed to determine the https port for redirect. 


【日志时间】：2020-06-29 14:50:18,467  【线程ID】：1    
【日志级别】：INFO   
【日志对象】：Microsoft.Hosting.Lifetime  
【日志内容】：Now listening on: http://localhost:63833 


【日志时间】：2020-06-29 14:50:18,499  【线程ID】：1    
【日志级别】：INFO   
【日志对象】：Microsoft.Hosting.Lifetime  
【日志内容】：Application started. Press Ctrl+C to shut down. 


【日志时间】：2020-06-29 14:50:18,502  【线程ID】：1    
【日志级别】：INFO   
【日志对象】：Microsoft.Hosting.Lifetime  
【日志内容】：Hosting environment: Development 


【日志时间】：2020-06-29 14:50:18,504  【线程ID】：1    
【日志级别】：INFO   
【日志对象】：Microsoft.Hosting.Lifetime  
【日志内容】：Content root path: E:\G3项目\LinXi_CloudStorage\LinXi_CloudStorageApi 


【日志时间】：2020-06-29 14:50:29,920  【线程ID】：8    
【日志级别】：WARN   
【日志对象】：Microsoft.AspNetCore.HttpsPolicy.HttpsRedirectionMiddleware  
【日志内容】：Failed to determine the https port for redirect. 


【日志时间】：2020-06-29 14:57:23,680  【线程ID】：2    
【日志级别】：INFO   
【日志对象】：Microsoft.Hosting.Lifetime  
【日志内容】：Application is shutting down... 


【日志时间】：2020-06-29 17:29:42,784  【线程ID】：1    
【日志级别】：WARN   
【日志对象】：Microsoft.AspNetCore.Server.Kestrel  
【日志内容】：Unable to bind to http://localhost:63833 on the IPv4 loopback interface: '以一种访问权限不允许的方式做了一个访问套接字的尝试。'. 


【日志时间】：2020-06-29 17:29:42,799  【线程ID】：1    
【日志级别】：INFO   
【日志对象】：Microsoft.Hosting.Lifetime  
【日志内容】：Now listening on: http://localhost:63833 


【日志时间】：2020-06-29 17:29:42,800  【线程ID】：1    
【日志级别】：INFO   
【日志对象】：Microsoft.Hosting.Lifetime  
【日志内容】：Application started. Press Ctrl+C to shut down. 


【日志时间】：2020-06-29 17:29:42,801  【线程ID】：1    
【日志级别】：INFO   
【日志对象】：Microsoft.Hosting.Lifetime  
【日志内容】：Hosting environment: Development 


【日志时间】：2020-06-29 17:29:42,802  【线程ID】：1    
【日志级别】：INFO   
【日志对象】：Microsoft.Hosting.Lifetime  
【日志内容】：Content root path: E:\G3项目\LinXi_CloudStorage\LinXi_CloudStorageApi 


【日志时间】：2020-06-29 17:29:43,140  【线程ID】：11    
【日志级别】：WARN   
【日志对象】：Microsoft.AspNetCore.HttpsPolicy.HttpsRedirectionMiddleware  
【日志内容】：Failed to determine the https port for redirect. 


【日志时间】：2020-06-29 17:29:43,226  【线程ID】：11    
【日志级别】：ERROR  
【日志对象】：Microsoft.AspNetCore.Diagnostics.DeveloperExceptionPageMiddleware  
【日志内容】：An unhandled exception has occurred while executing the request. 
Autofac.Core.DependencyResolutionException: An exception was thrown while activating Swashbuckle.AspNetCore.SwaggerGen.SwaggerGenerator -> λ:Swashbuckle.AspNetCore.SwaggerGen.SwaggerGeneratorOptions -> Microsoft.Extensions.Options.OptionsManager`1[[Swashbuckle.AspNetCore.SwaggerGen.SwaggerGeneratorOptions, Swashbuckle.AspNetCore.SwaggerGen, Version=5.4.1.0, Culture=neutral, PublicKeyToken=d84d99fb0135530a]] -> Microsoft.Extensions.Options.OptionsFactory`1[[Swashbuckle.AspNetCore.SwaggerGen.SwaggerGeneratorOptions, Swashbuckle.AspNetCore.SwaggerGen, Version=5.4.1.0, Culture=neutral, PublicKeyToken=d84d99fb0135530a]] -> λ:Microsoft.Extensions.Options.IConfigureOptions`1[[Swashbuckle.AspNetCore.SwaggerGen.SwaggerGeneratorOptions, Swashbuckle.AspNetCore.SwaggerGen, Version=5.4.1.0, Culture=neutral, PublicKeyToken=d84d99fb0135530a]][] -> Swashbuckle.AspNetCore.SwaggerGen.ConfigureSwaggerGeneratorOptions.
 ---> Autofac.Core.DependencyResolutionException: An exception was thrown while invoking the constructor 'Void .ctor(Microsoft.Extensions.Options.IOptions`1[Swashbuckle.AspNetCore.SwaggerGen.SwaggerGenOptions], System.IServiceProvider, Microsoft.AspNetCore.Hosting.IWebHostEnvironment)' on type 'ConfigureSwaggerGeneratorOptions'.
 ---> System.IO.FileNotFoundException: Could not find file 'E:\G3项目\LinXi_CloudStorage\LinXi_CloudStorageApi\bin\Debug\netcoreapp3.1\LinXi_CloudStorageApi.xml'.
File name: 'E:\G3项目\LinXi_CloudStorage\LinXi_CloudStorageApi\bin\Debug\netcoreapp3.1\LinXi_CloudStorageApi.xml'
   at System.IO.FileStream.ValidateFileHandle(SafeFileHandle fileHandle)
   at System.IO.FileStream.CreateFileOpenHandle(FileMode mode, FileShare share, FileOptions options)
   at System.IO.FileStream..ctor(String path, FileMode mode, FileAccess access, FileShare share, Int32 bufferSize, FileOptions options)
   at System.IO.FileStream..ctor(String path, FileMode mode, FileAccess access, FileShare share, Int32 bufferSize)
   at System.Xml.XmlDownloadManager.GetStream(Uri uri, ICredentials credentials, IWebProxy proxy, RequestCachePolicy cachePolicy)
   at System.Xml.XmlUrlResolver.GetEntity(Uri absoluteUri, String role, Type ofObjectToReturn)
   at System.Xml.XmlTextReaderImpl.OpenUrl()
   at System.Xml.XmlTextReaderImpl.Read()
   at System.Xml.XPath.XPathDocument.LoadFromReader(XmlReader reader, XmlSpace space)
   at System.Xml.XPath.XPathDocument..ctor(String uri, XmlSpace space)
   at System.Xml.XPath.XPathDocument..ctor(String uri)
   at Microsoft.Extensions.DependencyInjection.SwaggerGenOptionsExtensions.<>c__DisplayClass27_0.<IncludeXmlComments>b__0()
   at Microsoft.Extensions.DependencyInjection.SwaggerGenOptionsExtensions.IncludeXmlComments(SwaggerGenOptions swaggerGenOptions, Func`1 xmlDocFactory, Boolean includeControllerXmlComments)
   at Microsoft.Extensions.DependencyInjection.SwaggerGenOptionsExtensions.IncludeXmlComments(SwaggerGenOptions swaggerGenOptions, String filePath, Boolean includeControllerXmlComments)
   at LinXi_CloudStorageApi.Startup.<>c.<ConfigureServices>b__4_0(SwaggerGenOptions s) in E:\G3项目\LinXi_CloudStorage\LinXi_CloudStorageApi\Startup.cs:line 63
   at Microsoft.Extensions.Options.ConfigureNamedOptions`1.Configure(String name, TOptions options)
   at Microsoft.Extensions.Options.OptionsFactory`1.Create(String name)
   at Microsoft.Extensions.Options.OptionsManager`1.<>c__DisplayClass5_0.<Get>b__0()
   at System.Lazy`1.ViaFactory(LazyThreadSafetyMode mode)
   at System.Lazy`1.ExecutionAndPublication(LazyHelper executionAndPublication, Boolean useDefaultConstructor)
   at System.Lazy`1.CreateValue()
   at System.Lazy`1.get_Value()
   at Microsoft.Extensions.Options.OptionsCache`1.GetOrAdd(String name, Func`1 createOptions)
   at Microsoft.Extensions.Options.OptionsManager`1.Get(String name)
   at Microsoft.Extensions.Options.OptionsManager`1.get_Value()
   at lambda_method(Closure , Object[] )
   at Autofac.Core.Activators.Reflection.ConstructorParameterBinding.Instantiate()
   --- End of inner exception stack trace ---
   at Autofac.Core.Activators.Reflection.ConstructorParameterBinding.Instantiate()
   at Autofac.Core.Activators.Reflection.ReflectionActivator.ActivateInstance(IComponentContext context, IEnumerable`1 parameters)
   at Autofac.Core.Resolving.InstanceLookup.CreateInstance(IEnumerable`1 parameters)
   --- End of inner exception stack trace ---
   at Autofac.Core.Resolving.InstanceLookup.CreateInstance(IEnumerable`1 parameters)
   at Autofac.Core.Resolving.InstanceLookup.Execute()
   at Autofac.Core.Resolving.ResolveOperation.GetOrCreateInstance(ISharingLifetimeScope currentOperationScope, ResolveRequest request)
   at Autofac.Core.Resolving.ResolveOperation.ResolveComponent(ResolveRequest request)
   at Autofac.Core.Resolving.ResolveOperation.Execute(ResolveRequest request)
   at Autofac.Core.Lifetime.LifetimeScope.ResolveComponent(ResolveRequest request)
   at Autofac.ResolutionExtensions.TryResolveService(IComponentContext context, Service service, IEnumerable`1 parameters, Object& instance)
   at Autofac.ResolutionExtensions.ResolveOptionalService(IComponentContext context, Service service, IEnumerable`1 parameters)
   at Autofac.ResolutionExtensions.ResolveOptional(IComponentContext context, Type serviceType, IEnumerable`1 parameters)
   at Autofac.ResolutionExtensions.ResolveOptional(IComponentContext context, Type serviceType)
   at Autofac.Extensions.DependencyInjection.AutofacServiceProvider.GetService(Type serviceType)
   at Microsoft.AspNetCore.Builder.UseMiddlewareExtensions.GetService(IServiceProvider sp, Type type, Type middleware)
   at lambda_method(Closure , Object , HttpContext , IServiceProvider )
   at Microsoft.AspNetCore.Builder.UseMiddlewareExtensions.<>c__DisplayClass4_1.<UseMiddleware>b__2(HttpContext context)
   at Microsoft.AspNetCore.StaticFiles.StaticFileMiddleware.TryServeStaticFile(HttpContext context, String contentType, PathString subPath)
   at Microsoft.AspNetCore.StaticFiles.StaticFileMiddleware.Invoke(HttpContext context)
   at Microsoft.AspNetCore.HttpsPolicy.HttpsRedirectionMiddleware.Invoke(HttpContext context)
   at Microsoft.AspNetCore.Diagnostics.DeveloperExceptionPageMiddleware.Invoke(HttpContext context)


【日志时间】：2020-06-29 17:29:43,564  【线程ID】：9    
【日志级别】：ERROR  
【日志对象】：Microsoft.AspNetCore.Diagnostics.DeveloperExceptionPageMiddleware  
【日志内容】：An unhandled exception has occurred while executing the request. 
Autofac.Core.DependencyResolutionException: An exception was thrown while activating Swashbuckle.AspNetCore.SwaggerGen.SwaggerGenerator -> λ:Swashbuckle.AspNetCore.SwaggerGen.SwaggerGeneratorOptions -> Microsoft.Extensions.Options.OptionsManager`1[[Swashbuckle.AspNetCore.SwaggerGen.SwaggerGeneratorOptions, Swashbuckle.AspNetCore.SwaggerGen, Version=5.4.1.0, Culture=neutral, PublicKeyToken=d84d99fb0135530a]] -> Microsoft.Extensions.Options.OptionsFactory`1[[Swashbuckle.AspNetCore.SwaggerGen.SwaggerGeneratorOptions, Swashbuckle.AspNetCore.SwaggerGen, Version=5.4.1.0, Culture=neutral, PublicKeyToken=d84d99fb0135530a]] -> λ:Microsoft.Extensions.Options.IConfigureOptions`1[[Swashbuckle.AspNetCore.SwaggerGen.SwaggerGeneratorOptions, Swashbuckle.AspNetCore.SwaggerGen, Version=5.4.1.0, Culture=neutral, PublicKeyToken=d84d99fb0135530a]][] -> Swashbuckle.AspNetCore.SwaggerGen.ConfigureSwaggerGeneratorOptions.
 ---> Autofac.Core.DependencyResolutionException: An exception was thrown while invoking the constructor 'Void .ctor(Microsoft.Extensions.Options.IOptions`1[Swashbuckle.AspNetCore.SwaggerGen.SwaggerGenOptions], System.IServiceProvider, Microsoft.AspNetCore.Hosting.IWebHostEnvironment)' on type 'ConfigureSwaggerGeneratorOptions'.
 ---> System.IO.FileNotFoundException: Could not find file 'E:\G3项目\LinXi_CloudStorage\LinXi_CloudStorageApi\bin\Debug\netcoreapp3.1\LinXi_CloudStorageApi.xml'.
File name: 'E:\G3项目\LinXi_CloudStorage\LinXi_CloudStorageApi\bin\Debug\netcoreapp3.1\LinXi_CloudStorageApi.xml'
   at System.IO.FileStream.ValidateFileHandle(SafeFileHandle fileHandle)
   at System.IO.FileStream.CreateFileOpenHandle(FileMode mode, FileShare share, FileOptions options)
   at System.IO.FileStream..ctor(String path, FileMode mode, FileAccess access, FileShare share, Int32 bufferSize, FileOptions options)
   at System.IO.FileStream..ctor(String path, FileMode mode, FileAccess access, FileShare share, Int32 bufferSize)
   at System.Xml.XmlDownloadManager.GetStream(Uri uri, ICredentials credentials, IWebProxy proxy, RequestCachePolicy cachePolicy)
   at System.Xml.XmlUrlResolver.GetEntity(Uri absoluteUri, String role, Type ofObjectToReturn)
   at System.Xml.XmlTextReaderImpl.OpenUrl()
   at System.Xml.XmlTextReaderImpl.Read()
   at System.Xml.XPath.XPathDocument.LoadFromReader(XmlReader reader, XmlSpace space)
   at System.Xml.XPath.XPathDocument..ctor(String uri, XmlSpace space)
   at System.Xml.XPath.XPathDocument..ctor(String uri)
   at Microsoft.Extensions.DependencyInjection.SwaggerGenOptionsExtensions.<>c__DisplayClass27_0.<IncludeXmlComments>b__0()
   at Microsoft.Extensions.DependencyInjection.SwaggerGenOptionsExtensions.IncludeXmlComments(SwaggerGenOptions swaggerGenOptions, Func`1 xmlDocFactory, Boolean includeControllerXmlComments)
   at Microsoft.Extensions.DependencyInjection.SwaggerGenOptionsExtensions.IncludeXmlComments(SwaggerGenOptions swaggerGenOptions, String filePath, Boolean includeControllerXmlComments)
   at LinXi_CloudStorageApi.Startup.<>c.<ConfigureServices>b__4_0(SwaggerGenOptions s) in E:\G3项目\LinXi_CloudStorage\LinXi_CloudStorageApi\Startup.cs:line 63
   at Microsoft.Extensions.Options.ConfigureNamedOptions`1.Configure(String name, TOptions options)
   at Microsoft.Extensions.Options.OptionsFactory`1.Create(String name)
   at Microsoft.Extensions.Options.OptionsManager`1.<>c__DisplayClass5_0.<Get>b__0()
   at System.Lazy`1.ViaFactory(LazyThreadSafetyMode mode)
--- End of stack trace from previous location where exception was thrown ---
   at System.Lazy`1.CreateValue()
   at System.Lazy`1.get_Value()
   at Microsoft.Extensions.Options.OptionsCache`1.GetOrAdd(String name, Func`1 createOptions)
   at Microsoft.Extensions.Options.OptionsManager`1.Get(String name)
   at Microsoft.Extensions.Options.OptionsManager`1.get_Value()
   at lambda_method(Closure , Object[] )
   at Autofac.Core.Activators.Reflection.ConstructorParameterBinding.Instantiate()
   --- End of inner exception stack trace ---
   at Autofac.Core.Activators.Reflection.ConstructorParameterBinding.Instantiate()
   at Autofac.Core.Activators.Reflection.ReflectionActivator.ActivateInstance(IComponentContext context, IEnumerable`1 parameters)
   at Autofac.Core.Resolving.InstanceLookup.CreateInstance(IEnumerable`1 parameters)
   --- End of inner exception stack trace ---
   at Autofac.Core.Resolving.InstanceLookup.CreateInstance(IEnumerable`1 parameters)
   at Autofac.Core.Resolving.InstanceLookup.Execute()
   at Autofac.Core.Resolving.ResolveOperation.GetOrCreateInstance(ISharingLifetimeScope currentOperationScope, ResolveRequest request)
   at Autofac.Core.Resolving.ResolveOperation.ResolveComponent(ResolveRequest request)
   at Autofac.Core.Resolving.ResolveOperation.Execute(ResolveRequest request)
   at Autofac.Core.Lifetime.LifetimeScope.ResolveComponent(ResolveRequest request)
   at Autofac.ResolutionExtensions.TryResolveService(IComponentContext context, Service service, IEnumerable`1 parameters, Object& instance)
   at Autofac.ResolutionExtensions.ResolveOptionalService(IComponentContext context, Service service, IEnumerable`1 parameters)
   at Autofac.ResolutionExtensions.ResolveOptional(IComponentContext context, Type serviceType, IEnumerable`1 parameters)
   at Autofac.ResolutionExtensions.ResolveOptional(IComponentContext context, Type serviceType)
   at Autofac.Extensions.DependencyInjection.AutofacServiceProvider.GetService(Type serviceType)
   at Microsoft.AspNetCore.Builder.UseMiddlewareExtensions.GetService(IServiceProvider sp, Type type, Type middleware)
   at lambda_method(Closure , Object , HttpContext , IServiceProvider )
   at Microsoft.AspNetCore.Builder.UseMiddlewareExtensions.<>c__DisplayClass4_1.<UseMiddleware>b__2(HttpContext context)
   at Microsoft.AspNetCore.StaticFiles.StaticFileMiddleware.TryServeStaticFile(HttpContext context, String contentType, PathString subPath)
   at Microsoft.AspNetCore.StaticFiles.StaticFileMiddleware.Invoke(HttpContext context)
   at Microsoft.AspNetCore.HttpsPolicy.HttpsRedirectionMiddleware.Invoke(HttpContext context)
   at Microsoft.AspNetCore.Diagnostics.DeveloperExceptionPageMiddleware.Invoke(HttpContext context)


【日志时间】：2020-06-29 17:31:34,125  【线程ID】：1    
【日志级别】：WARN   
【日志对象】：Microsoft.AspNetCore.Server.Kestrel  
【日志内容】：Unable to bind to http://localhost:63833 on the IPv4 loopback interface: '以一种访问权限不允许的方式做了一个访问套接字的尝试。'. 


【日志时间】：2020-06-29 17:31:34,150  【线程ID】：1    
【日志级别】：INFO   
【日志对象】：Microsoft.Hosting.Lifetime  
【日志内容】：Now listening on: http://localhost:63833 


【日志时间】：2020-06-29 17:31:34,153  【线程ID】：1    
【日志级别】：INFO   
【日志对象】：Microsoft.Hosting.Lifetime  
【日志内容】：Application started. Press Ctrl+C to shut down. 


【日志时间】：2020-06-29 17:31:34,156  【线程ID】：1    
【日志级别】：INFO   
【日志对象】：Microsoft.Hosting.Lifetime  
【日志内容】：Hosting environment: Development 


【日志时间】：2020-06-29 17:31:34,159  【线程ID】：1    
【日志级别】：INFO   
【日志对象】：Microsoft.Hosting.Lifetime  
【日志内容】：Content root path: E:\G3项目\LinXi_CloudStorage\LinXi_CloudStorageApi 


【日志时间】：2020-06-29 17:31:36,579  【线程ID】：4    
【日志级别】：WARN   
【日志对象】：Microsoft.AspNetCore.HttpsPolicy.HttpsRedirectionMiddleware  
【日志内容】：Failed to determine the https port for redirect. 


【日志时间】：2020-06-29 17:31:57,054  【线程ID】：1    
【日志级别】：WARN   
【日志对象】：Microsoft.AspNetCore.Server.Kestrel  
【日志内容】：Unable to bind to http://localhost:63833 on the IPv4 loopback interface: '以一种访问权限不允许的方式做了一个访问套接字的尝试。'. 


【日志时间】：2020-06-29 17:31:57,068  【线程ID】：1    
【日志级别】：INFO   
【日志对象】：Microsoft.Hosting.Lifetime  
【日志内容】：Now listening on: http://localhost:63833 


【日志时间】：2020-06-29 17:31:57,070  【线程ID】：1    
【日志级别】：INFO   
【日志对象】：Microsoft.Hosting.Lifetime  
【日志内容】：Application started. Press Ctrl+C to shut down. 


【日志时间】：2020-06-29 17:31:57,071  【线程ID】：1    
【日志级别】：INFO   
【日志对象】：Microsoft.Hosting.Lifetime  
【日志内容】：Hosting environment: Development 


【日志时间】：2020-06-29 17:31:57,072  【线程ID】：1    
【日志级别】：INFO   
【日志对象】：Microsoft.Hosting.Lifetime  
【日志内容】：Content root path: E:\G3项目\LinXi_CloudStorage\LinXi_CloudStorageApi 


【日志时间】：2020-06-29 17:31:57,423  【线程ID】：8    
【日志级别】：WARN   
【日志对象】：Microsoft.AspNetCore.HttpsPolicy.HttpsRedirectionMiddleware  
【日志内容】：Failed to determine the https port for redirect. 
