

【日志时间】：2020-06-12 10:50:07,904  【线程ID】：1    
【日志级别】：WARN   
【日志对象】：Microsoft.AspNetCore.Server.Kestrel  
【日志内容】：Unable to bind to http://localhost:63883 on the IPv4 loopback interface: '以一种访问权限不允许的方式做了一个访问套接字的尝试。'. 


【日志时间】：2020-06-12 10:50:08,926  【线程ID】：11    
【日志级别】：WARN   
【日志对象】：Microsoft.AspNetCore.HttpsPolicy.HttpsRedirectionMiddleware  
【日志内容】：Failed to determine the https port for redirect. 


【日志时间】：2020-06-12 12:25:36,994  【线程ID】：1    
【日志级别】：WARN   
【日志对象】：Microsoft.AspNetCore.Server.Kestrel  
【日志内容】：Unable to bind to http://localhost:63883 on the IPv4 loopback interface: '以一种访问权限不允许的方式做了一个访问套接字的尝试。'. 


【日志时间】：2020-06-12 12:25:37,506  【线程ID】：8    
【日志级别】：WARN   
【日志对象】：Microsoft.AspNetCore.HttpsPolicy.HttpsRedirectionMiddleware  
【日志内容】：Failed to determine the https port for redirect. 


【日志时间】：2020-06-12 12:26:44,558  【线程ID】：1    
【日志级别】：WARN   
【日志对象】：Microsoft.AspNetCore.Server.Kestrel  
【日志内容】：Unable to bind to http://localhost:63883 on the IPv4 loopback interface: '以一种访问权限不允许的方式做了一个访问套接字的尝试。'. 


【日志时间】：2020-06-12 12:26:47,072  【线程ID】：10    
【日志级别】：WARN   
【日志对象】：Microsoft.AspNetCore.HttpsPolicy.HttpsRedirectionMiddleware  
【日志内容】：Failed to determine the https port for redirect. 


【日志时间】：2020-06-12 12:28:34,419  【线程ID】：1    
【日志级别】：WARN   
【日志对象】：Microsoft.AspNetCore.Server.Kestrel  
【日志内容】：Unable to bind to http://localhost:63883 on the IPv4 loopback interface: '以一种访问权限不允许的方式做了一个访问套接字的尝试。'. 


【日志时间】：2020-06-12 12:28:34,859  【线程ID】：10    
【日志级别】：WARN   
【日志对象】：Microsoft.AspNetCore.HttpsPolicy.HttpsRedirectionMiddleware  
【日志内容】：Failed to determine the https port for redirect. 


【日志时间】：2020-06-12 12:29:03,129  【线程ID】：1    
【日志级别】：WARN   
【日志对象】：Microsoft.AspNetCore.Server.Kestrel  
【日志内容】：Unable to bind to http://localhost:63883 on the IPv4 loopback interface: '以一种访问权限不允许的方式做了一个访问套接字的尝试。'. 


【日志时间】：2020-06-12 12:29:05,143  【线程ID】：11    
【日志级别】：WARN   
【日志对象】：Microsoft.AspNetCore.HttpsPolicy.HttpsRedirectionMiddleware  
【日志内容】：Failed to determine the https port for redirect. 


【日志时间】：2020-06-12 12:31:12,839  【线程ID】：1    
【日志级别】：WARN   
【日志对象】：Microsoft.AspNetCore.Server.Kestrel  
【日志内容】：Unable to bind to http://localhost:63883 on the IPv4 loopback interface: '以一种访问权限不允许的方式做了一个访问套接字的尝试。'. 


【日志时间】：2020-06-12 12:31:15,008  【线程ID】：10    
【日志级别】：WARN   
【日志对象】：Microsoft.AspNetCore.HttpsPolicy.HttpsRedirectionMiddleware  
【日志内容】：Failed to determine the https port for redirect. 


【日志时间】：2020-06-12 12:37:03,797  【线程ID】：1    
【日志级别】：WARN   
【日志对象】：Microsoft.AspNetCore.Server.Kestrel  
【日志内容】：Unable to bind to http://localhost:63883 on the IPv4 loopback interface: '以一种访问权限不允许的方式做了一个访问套接字的尝试。'. 


【日志时间】：2020-06-12 12:37:06,118  【线程ID】：11    
【日志级别】：WARN   
【日志对象】：Microsoft.AspNetCore.HttpsPolicy.HttpsRedirectionMiddleware  
【日志内容】：Failed to determine the https port for redirect. 


【日志时间】：2020-06-12 12:39:40,562  【线程ID】：1    
【日志级别】：WARN   
【日志对象】：Microsoft.AspNetCore.Server.Kestrel  
【日志内容】：Unable to bind to http://localhost:63883 on the IPv4 loopback interface: '以一种访问权限不允许的方式做了一个访问套接字的尝试。'. 


【日志时间】：2020-06-12 12:39:42,450  【线程ID】：10    
【日志级别】：WARN   
【日志对象】：Microsoft.AspNetCore.HttpsPolicy.HttpsRedirectionMiddleware  
【日志内容】：Failed to determine the https port for redirect. 


【日志时间】：2020-06-12 12:45:26,422  【线程ID】：1    
【日志级别】：WARN   
【日志对象】：Microsoft.AspNetCore.Server.Kestrel  
【日志内容】：Unable to bind to http://localhost:63883 on the IPv4 loopback interface: '以一种访问权限不允许的方式做了一个访问套接字的尝试。'. 


【日志时间】：2020-06-12 12:45:28,435  【线程ID】：9    
【日志级别】：WARN   
【日志对象】：Microsoft.AspNetCore.HttpsPolicy.HttpsRedirectionMiddleware  
【日志内容】：Failed to determine the https port for redirect. 


【日志时间】：2020-06-12 12:46:55,208  【线程ID】：1    
【日志级别】：WARN   
【日志对象】：Microsoft.AspNetCore.Server.Kestrel  
【日志内容】：Unable to bind to http://localhost:63883 on the IPv4 loopback interface: '以一种访问权限不允许的方式做了一个访问套接字的尝试。'. 


【日志时间】：2020-06-12 12:46:57,450  【线程ID】：5    
【日志级别】：WARN   
【日志对象】：Microsoft.AspNetCore.HttpsPolicy.HttpsRedirectionMiddleware  
【日志内容】：Failed to determine the https port for redirect. 


【日志时间】：2020-06-12 12:51:30,092  【线程ID】：4    
【日志级别】：ERROR  
【日志对象】：Microsoft.AspNetCore.Diagnostics.DeveloperExceptionPageMiddleware  
【日志内容】：An unhandled exception has occurred while executing the request. 
Microsoft.AspNetCore.Server.Kestrel.Core.BadHttpRequestException: Unexpected end of request content.
   at Microsoft.AspNetCore.Server.Kestrel.Core.BadHttpRequestException.Throw(RequestRejectionReason reason)
   at Microsoft.AspNetCore.Server.Kestrel.Core.Internal.Http.Http1ContentLengthMessageBody.ReadAsyncInternal(CancellationToken cancellationToken)
   at Microsoft.AspNetCore.Server.Kestrel.Core.Internal.Http.HttpRequestStream.ReadAsyncInternal(Memory`1 buffer, CancellationToken cancellationToken)
   at Microsoft.AspNetCore.WebUtilities.FileBufferingReadStream.ReadAsync(Byte[] buffer, Int32 offset, Int32 count, CancellationToken cancellationToken)
   at Microsoft.AspNetCore.WebUtilities.StreamHelperExtensions.DrainAsync(Stream stream, ArrayPool`1 bytePool, Nullable`1 limit, CancellationToken cancellationToken)
   at Microsoft.AspNetCore.Mvc.Formatters.NewtonsoftJsonInputFormatter.ReadRequestBodyAsync(InputFormatterContext context, Encoding encoding)
   at Microsoft.AspNetCore.Mvc.ModelBinding.Binders.BodyModelBinder.BindModelAsync(ModelBindingContext bindingContext)
   at Microsoft.AspNetCore.Mvc.ModelBinding.ParameterBinder.BindModelAsync(ActionContext actionContext, IModelBinder modelBinder, IValueProvider valueProvider, ParameterDescriptor parameter, ModelMetadata metadata, Object value)
   at Microsoft.AspNetCore.Mvc.Controllers.ControllerBinderDelegateProvider.<>c__DisplayClass0_0.<<CreateBinderDelegate>g__Bind|0>d.MoveNext()
--- End of stack trace from previous location where exception was thrown ---
   at Microsoft.AspNetCore.Mvc.Infrastructure.ControllerActionInvoker.<InvokeInnerFilterAsync>g__Awaited|13_0(ControllerActionInvoker invoker, Task lastTask, State next, Scope scope, Object state, Boolean isCompleted)
   at Microsoft.AspNetCore.Mvc.Infrastructure.ResourceInvoker.<InvokeNextResourceFilter>g__Awaited|24_0(ResourceInvoker invoker, Task lastTask, State next, Scope scope, Object state, Boolean isCompleted)
   at Microsoft.AspNetCore.Mvc.Infrastructure.ResourceInvoker.Rethrow(ResourceExecutedContextSealed context)
   at Microsoft.AspNetCore.Mvc.Infrastructure.ResourceInvoker.Next(State& next, Scope& scope, Object& state, Boolean& isCompleted)
   at Microsoft.AspNetCore.Mvc.Infrastructure.ResourceInvoker.InvokeFilterPipelineAsync()
--- End of stack trace from previous location where exception was thrown ---
   at Microsoft.AspNetCore.Mvc.Infrastructure.ResourceInvoker.<InvokeAsync>g__Awaited|17_0(ResourceInvoker invoker, Task task, IDisposable scope)
   at Microsoft.AspNetCore.Routing.EndpointMiddleware.<Invoke>g__AwaitRequestTask|6_0(Endpoint endpoint, Task requestTask, ILogger logger)
   at Microsoft.AspNetCore.Authorization.AuthorizationMiddleware.Invoke(HttpContext context)
   at Microsoft.AspNetCore.Authentication.AuthenticationMiddleware.Invoke(HttpContext context)
   at Microsoft.AspNetCore.Session.SessionMiddleware.Invoke(HttpContext context)
   at Microsoft.AspNetCore.Session.SessionMiddleware.Invoke(HttpContext context)
   at Swashbuckle.AspNetCore.SwaggerUI.SwaggerUIMiddleware.Invoke(HttpContext httpContext)
   at Swashbuckle.AspNetCore.Swagger.SwaggerMiddleware.Invoke(HttpContext httpContext, ISwaggerProvider swaggerProvider)
   at Microsoft.AspNetCore.Diagnostics.DeveloperExceptionPageMiddleware.Invoke(HttpContext context)


【日志时间】：2020-06-12 12:52:54,119  【线程ID】：1    
【日志级别】：WARN   
【日志对象】：Microsoft.AspNetCore.Server.Kestrel  
【日志内容】：Unable to bind to http://localhost:63883 on the IPv4 loopback interface: '以一种访问权限不允许的方式做了一个访问套接字的尝试。'. 


【日志时间】：2020-06-12 12:52:57,423  【线程ID】：9    
【日志级别】：WARN   
【日志对象】：Microsoft.AspNetCore.HttpsPolicy.HttpsRedirectionMiddleware  
【日志内容】：Failed to determine the https port for redirect. 


【日志时间】：2020-06-12 12:55:34,831  【线程ID】：1    
【日志级别】：WARN   
【日志对象】：Microsoft.AspNetCore.Server.Kestrel  
【日志内容】：Unable to bind to http://localhost:63883 on the IPv4 loopback interface: '以一种访问权限不允许的方式做了一个访问套接字的尝试。'. 


【日志时间】：2020-06-12 12:55:37,345  【线程ID】：4    
【日志级别】：WARN   
【日志对象】：Microsoft.AspNetCore.HttpsPolicy.HttpsRedirectionMiddleware  
【日志内容】：Failed to determine the https port for redirect. 


【日志时间】：2020-06-12 12:59:48,872  【线程ID】：1    
【日志级别】：WARN   
【日志对象】：Microsoft.AspNetCore.Server.Kestrel  
【日志内容】：Unable to bind to http://localhost:63883 on the IPv4 loopback interface: '以一种访问权限不允许的方式做了一个访问套接字的尝试。'. 


【日志时间】：2020-06-12 12:59:50,888  【线程ID】：4    
【日志级别】：WARN   
【日志对象】：Microsoft.AspNetCore.HttpsPolicy.HttpsRedirectionMiddleware  
【日志内容】：Failed to determine the https port for redirect. 


【日志时间】：2020-06-12 18:25:59,744  【线程ID】：1    
【日志级别】：WARN   
【日志对象】：Microsoft.AspNetCore.Server.Kestrel  
【日志内容】：Unable to bind to http://localhost:63883 on the IPv4 loopback interface: '以一种访问权限不允许的方式做了一个访问套接字的尝试。'. 


【日志时间】：2020-06-12 18:26:02,915  【线程ID】：10    
【日志级别】：WARN   
【日志对象】：Microsoft.AspNetCore.HttpsPolicy.HttpsRedirectionMiddleware  
【日志内容】：Failed to determine the https port for redirect. 


【日志时间】：2020-06-12 20:03:47,955  【线程ID】：1    
【日志级别】：WARN   
【日志对象】：Microsoft.AspNetCore.Server.Kestrel  
【日志内容】：Unable to bind to http://localhost:63883 on the IPv4 loopback interface: '以一种访问权限不允许的方式做了一个访问套接字的尝试。'. 


【日志时间】：2020-06-12 20:03:52,539  【线程ID】：4    
【日志级别】：WARN   
【日志对象】：Microsoft.AspNetCore.HttpsPolicy.HttpsRedirectionMiddleware  
【日志内容】：Failed to determine the https port for redirect. 


【日志时间】：2020-06-12 20:09:34,887  【线程ID】：1    
【日志级别】：WARN   
【日志对象】：Microsoft.AspNetCore.Server.Kestrel  
【日志内容】：Unable to bind to http://localhost:63883 on the IPv4 loopback interface: '以一种访问权限不允许的方式做了一个访问套接字的尝试。'. 


【日志时间】：2020-06-12 20:09:36,781  【线程ID】：12    
【日志级别】：WARN   
【日志对象】：Microsoft.AspNetCore.HttpsPolicy.HttpsRedirectionMiddleware  
【日志内容】：Failed to determine the https port for redirect. 


【日志时间】：2020-06-12 20:15:17,273  【线程ID】：1    
【日志级别】：WARN   
【日志对象】：Microsoft.AspNetCore.Server.Kestrel  
【日志内容】：Unable to bind to http://localhost:63883 on the IPv4 loopback interface: '以一种访问权限不允许的方式做了一个访问套接字的尝试。'. 


【日志时间】：2020-06-12 20:15:19,185  【线程ID】：4    
【日志级别】：WARN   
【日志对象】：Microsoft.AspNetCore.HttpsPolicy.HttpsRedirectionMiddleware  
【日志内容】：Failed to determine the https port for redirect. 


【日志时间】：2020-06-12 20:35:17,474  【线程ID】：1    
【日志级别】：WARN   
【日志对象】：Microsoft.AspNetCore.Server.Kestrel  
【日志内容】：Unable to bind to http://localhost:63883 on the IPv4 loopback interface: '以一种访问权限不允许的方式做了一个访问套接字的尝试。'. 


【日志时间】：2020-06-12 20:35:20,478  【线程ID】：13    
【日志级别】：WARN   
【日志对象】：Microsoft.AspNetCore.HttpsPolicy.HttpsRedirectionMiddleware  
【日志内容】：Failed to determine the https port for redirect. 


【日志时间】：2020-06-12 20:59:27,120  【线程ID】：1    
【日志级别】：WARN   
【日志对象】：Microsoft.AspNetCore.Server.Kestrel  
【日志内容】：Unable to bind to http://localhost:63883 on the IPv4 loopback interface: '以一种访问权限不允许的方式做了一个访问套接字的尝试。'. 


【日志时间】：2020-06-12 20:59:27,761  【线程ID】：8    
【日志级别】：WARN   
【日志对象】：Microsoft.AspNetCore.HttpsPolicy.HttpsRedirectionMiddleware  
【日志内容】：Failed to determine the https port for redirect. 


【日志时间】：2020-06-12 21:01:47,857  【线程ID】：1    
【日志级别】：WARN   
【日志对象】：Microsoft.AspNetCore.Server.Kestrel  
【日志内容】：Unable to bind to http://localhost:63883 on the IPv4 loopback interface: '以一种访问权限不允许的方式做了一个访问套接字的尝试。'. 


【日志时间】：2020-06-12 21:01:48,316  【线程ID】：8    
【日志级别】：WARN   
【日志对象】：Microsoft.AspNetCore.HttpsPolicy.HttpsRedirectionMiddleware  
【日志内容】：Failed to determine the https port for redirect. 
